<?xml version="1.0" encoding="UTF-8"?>
<!-- Generated by org.testng.reporters.JUnitXMLReporter -->
<testsuite ignored="0" hostname="Admin-PC" failures="0" tests="4" name="Test" time="21.252" errors="0" timestamp="31 Aug 2020 13:00:32 GMT">
  <testcase classname="academy.HomePage" name="basePageNavigation" time="3.622"/>
  <testcase classname="academy.HomePage" name="basePageNavigation" time="2.925"/>
  <testcase classname="academy.validateNavigationbar" name="basePageNavigation" time="0.08"/>
  <testcase classname="academy.validateTitle" name="basePageNavigation" time="0.043"/>
</testsuite> <!-- Test -->
