-------------------------------------------------------------------------------
Test set: TestSuite
-------------------------------------------------------------------------------
Tests run: 4, Failures: 1, Errors: 0, Skipped: 0, Time elapsed: 14.146 s <<< FAILURE! - in TestSuite
academy.validateTitle.basePageNavigation  Time elapsed: 0.202 s  <<< FAILURE!
java.lang.AssertionError: expected [FEATURED COURSES123] but found [FEATURED COURSES]
	at academy.validateTitle.basePageNavigation(validateTitle.java:41)

