<?xml version="1.0" encoding="UTF-8"?>
<testsuite xmlns:xsi="http://www.w3.org/2001/XMLSchema-instance" xsi:noNamespaceSchemaLocation="https://maven.apache.org/surefire/maven-surefire-plugin/xsd/surefire-test-report-3.0.xsd" version="3.0" name="TestSuite" time="14.146" tests="4" errors="0" skipped="0" failures="1">
  <properties>
[...]
</properties>
  <testcase name="basePageNavigation" classname="academy.validateTitle" time="0.202">
    <failure message="expected [FEATURED COURSES123] but found [FEATURED COURSES]" type="java.lang.AssertionError"><![CDATA[java.lang.AssertionError: expected [FEATURED COURSES123] but found [FEATURED COURSES]
	at academy.validateTitle.basePageNavigation(validateTitle.java:41)
]]></failure>
    <system-out><![CDATA[chrome
chrome
chrome
]]></system-out>
    <system-err><![CDATA[Starting ChromeDriver 85.0.4183.87 (cd6713ebf92fa1cacc0f1a598df280093af0c5d7-refs/branch-heads/4183@{#1689}) on port 44877
Only local connections are allowed.
Please see https://chromedriver.chromium.org/security-considerations for suggestions on keeping ChromeDriver safe.
ChromeDriver was started successfully.
Starting ChromeDriver 85.0.4183.87 (cd6713ebf92fa1cacc0f1a598df280093af0c5d7-refs/branch-heads/4183@{#1689}) on port 30762
Only local connections are allowed.
Please see https://chromedriver.chromium.org/security-considerations for suggestions on keeping ChromeDriver safe.
Starting ChromeDriver 85.0.4183.87 (cd6713ebf92fa1cacc0f1aChromeDriver was started successfully.
598df280093af0c5d7-refs/branch-heads/4183@{#1689}) on port 37666
Only local connections are allowed.
Please see https://chromedriver.chromium.org/security-considerations for suggestions on keeping ChromeDriver safe.
ChromeDriver was started successfully.
Sep 01, 2020 10:44:10 PM org.openqa.selenium.remote.ProtocolHandshake createSession
INFO: Detected dialect: W3C
Sep 01, 2020 10:44:10 PM org.openqa.selenium.remote.ProtocolHandshake createSession
INFO: Detected dialect: W3C
Sep 01, 2020 10:44:10 PM org.openqa.selenium.remote.ProtocolHandshake createSession
INFO: Detected dialect: W3C
]]></system-err>
  </testcase>
  <testcase name="basePageNavigation" classname="academy.validateNavigationbar" time="0.239"/>
  <testcase name="basePageNavigation[restricted@gmail.com, 123456, Restricted users](1)" classname="academy.HomePage" time="2.295"/>
  <testcase name="basePageNavigation[nonrestricted@gmail.com, 123456, non Restricted users](2)" classname="academy.HomePage" time="2.612"/>
</testsuite>