<?xml version="1.0" encoding="UTF-8"?>
<testng-results ignored="0" total="2" passed="2" failed="0" skipped="0">
  <reporter-output>
  </reporter-output>
  <suite started-at="2020-09-01T17:11:49Z" name="Default suite" finished-at="2020-09-01T17:11:58Z" duration-ms="8785">
    <groups>
    </groups>
    <test started-at="2020-09-01T17:11:49Z" name="Default test" finished-at="2020-09-01T17:11:58Z" duration-ms="8785">
      <class name="academy.HomePage">
        <test-method is-config="true" signature="initialize()[pri:0, instance:academy.HomePage@1bab8268]" started-at="2020-09-01T17:11:49Z" name="initialize" finished-at="2020-09-01T17:11:53Z" duration-ms="3175" status="PASS">
          <reporter-output>
          </reporter-output>
        </test-method> <!-- initialize -->
        <test-method signature="basePageNavigation(java.lang.String, java.lang.String, java.lang.String)[pri:0, instance:academy.HomePage@1bab8268]" started-at="2020-09-01T17:11:53Z" name="basePageNavigation" data-provider="getData" finished-at="2020-09-01T17:11:56Z" duration-ms="2982" status="PASS">
          <params>
            <param index="0">
              <value>
                <![CDATA[restricted@gmail.com]]>
              </value>
            </param>
            <param index="1">
              <value>
                <![CDATA[123456]]>
              </value>
            </param>
            <param index="2">
              <value>
                <![CDATA[Restricted users]]>
              </value>
            </param>
          </params>
          <reporter-output>
          </reporter-output>
        </test-method> <!-- basePageNavigation -->
        <test-method signature="basePageNavigation(java.lang.String, java.lang.String, java.lang.String)[pri:0, instance:academy.HomePage@1bab8268]" started-at="2020-09-01T17:11:56Z" name="basePageNavigation" data-provider="getData" finished-at="2020-09-01T17:11:58Z" duration-ms="2521" status="PASS">
          <params>
            <param index="0">
              <value>
                <![CDATA[nonrestricted@gmail.com]]>
              </value>
            </param>
            <param index="1">
              <value>
                <![CDATA[123456]]>
              </value>
            </param>
            <param index="2">
              <value>
                <![CDATA[non Restricted users]]>
              </value>
            </param>
          </params>
          <reporter-output>
          </reporter-output>
        </test-method> <!-- basePageNavigation -->
        <test-method is-config="true" signature="teardown()[pri:0, instance:academy.HomePage@1bab8268]" started-at="2020-09-01T17:11:58Z" name="teardown" finished-at="2020-09-01T17:11:58Z" duration-ms="84" status="PASS">
          <reporter-output>
          </reporter-output>
        </test-method> <!-- teardown -->
      </class> <!-- academy.HomePage -->
    </test> <!-- Default test -->
  </suite> <!-- Default suite -->
</testng-results>
